[2023-03-01 12:33:21] [1] [WARN] Reporting disabled: using no op test run registrar
[2023-03-01 12:33:21] [1] [INFO] TEST [project - toggleIcons] STARTED at [16:33:21 2023-03-01]
[2023-03-01 12:33:21] [1] [INFO] Starting driver session...
[2023-03-01 12:33:23] [1] [INFO] Driver session started.
[2023-03-01 12:33:23] [1] [ERROR] TEST [project - toggleIcons] FAILED at [16:33:23 2023-03-01] - Index 2 out of bounds for length 0

java.base/jdk.internal.util.Preconditions.outOfBounds(Preconditions.java:64)
java.base/jdk.internal.util.Preconditions.outOfBoundsCheckIndex(Preconditions.java:70)
java.base/jdk.internal.util.Preconditions.checkIndex(Preconditions.java:266)
java.base/java.util.Objects.checkIndex(Objects.java:359)
java.base/java.util.ArrayList.get(ArrayList.java:427)
java.base/jdk.internal.reflect.NativeMethodAccessorImpl.invoke0(Native Method)
java.base/jdk.internal.reflect.NativeMethodAccessorImpl.invoke(NativeMethodAccessorImpl.java:77)
java.base/jdk.internal.reflect.DelegatingMethodAccessorImpl.invoke(DelegatingMethodAccessorImpl.java:43)
java.base/java.lang.reflect.Method.invoke(Method.java:568)
com.qaprosoft.carina.core.foundation.webdriver.locator.internal.LocatingListHandler.invoke(LocatingListHandler.java:83)
jdk.proxy2/jdk.proxy2.$Proxy56.get(Unknown Source)
com.solvd.carina.globalsqa.firststep.TabsNavigation.navigateToTab(AccordionTabsNavigation.java:19)
com.solvd.carina.globalsqa.firststep.tabs.TabsTest.toggleIcons(TabsTest.java:53)
java.base/jdk.internal.reflect.NativeMethodAccessorImpl.invoke0(Native Method)
java.base/jdk.internal.reflect.NativeMethodAccessorImpl.invoke(NativeMethodAccessorImpl.java:77)
java.base/jdk.internal.reflect.DelegatingMethodAccessorImpl.invoke(DelegatingMethodAccessorImpl.java:43)
java.base/java.lang.reflect.Method.invoke(Method.java:568)
org.testng.internal.invokers.MethodInvocationHelper.invokeMethod(MethodInvocationHelper.java:139)
org.testng.internal.invokers.TestInvoker.invokeMethod(TestInvoker.java:677)
org.testng.internal.invokers.TestInvoker.invokeTestMethod(TestInvoker.java:221)
org.testng.internal.invokers.MethodRunner.runInSequence(MethodRunner.java:50)
org.testng.internal.invokers.TestInvoker$MethodInvocationAgent.invoke(TestInvoker.java:962)
org.testng.internal.invokers.TestInvoker.invokeTestMethods(TestInvoker.java:194)
org.testng.internal.invokers.TestMethodWorker.invokeTestMethods(TestMethodWorker.java:148)
org.testng.internal.invokers.TestMethodWorker.run(TestMethodWorker.java:128)
java.base/java.util.ArrayList.forEach(ArrayList.java:1511)
org.testng.TestRunner.privateRun(TestRunner.java:806)
org.testng.TestRunner.run(TestRunner.java:601)
org.testng.SuiteRunner.runTest(SuiteRunner.java:433)
org.testng.SuiteRunner.runSequentially(SuiteRunner.java:427)
org.testng.SuiteRunner.privateRun(SuiteRunner.java:387)
org.testng.SuiteRunner.run(SuiteRunner.java:330)
org.testng.SuiteRunnerWorker.runSuite(SuiteRunnerWorker.java:52)
org.testng.SuiteRunnerWorker.run(SuiteRunnerWorker.java:95)
org.testng.TestNG.runSuitesSequentially(TestNG.java:1256)
org.testng.TestNG.runSuitesLocally(TestNG.java:1176)
org.testng.TestNG.runSuites(TestNG.java:1099)
org.testng.TestNG.run(TestNG.java:1067)
com.intellij.rt.testng.IDEARemoteTestNG.run(IDEARemoteTestNG.java:66)
com.intellij.rt.testng.RemoteTestNGStarter.main(RemoteTestNGStarter.java:109)
