[2023-02-25 01:58:10] [1] [WARN] Reporting disabled: using no op test run registrar
[2023-02-25 01:58:10] [1] [INFO] TEST [project - selectAccordions] STARTED at [17:58:10 2023-02-25]
[2023-02-25 01:58:10] [1] [INFO] Starting driver session...
[2023-02-25 01:58:11] [1] [INFO] Driver session started.
[2023-02-25 01:58:11] [1] [INFO] INFO: opening url 'https://www.globalsqa.com/demo-site/accordion-and-tabs/#Simple%20Accordion'
[2023-02-25 01:58:15] [1] [WARN] returned first but found 5 elements by xpath: By.xpath: //div[@id = 'accordion']//h3[contains(text(),'Section 1')]/../div/p
[2023-02-25 01:58:16] [1] [ERROR] TEST [project - selectAccordions] FAILED at [17:58:16 2023-02-25] - Accordion text should not be empty did not expect [] but found []

org.testng.Assert.fail(Assert.java:110)
org.testng.Assert.failEquals(Assert.java:1417)
org.testng.Assert.assertNotEqualsImpl(Assert.java:156)
org.testng.Assert.assertNotEquals(Assert.java:2033)
com.solvd.carina.globalsqa.firststep.tabs.SimpleAccordionTest.selectAccordions(SimpleAccordionTest.java:14)
java.base/jdk.internal.reflect.NativeMethodAccessorImpl.invoke0(Native Method)
java.base/jdk.internal.reflect.NativeMethodAccessorImpl.invoke(NativeMethodAccessorImpl.java:77)
java.base/jdk.internal.reflect.DelegatingMethodAccessorImpl.invoke(DelegatingMethodAccessorImpl.java:43)
java.base/java.lang.reflect.Method.invoke(Method.java:568)
org.testng.internal.invokers.MethodInvocationHelper.invokeMethod(MethodInvocationHelper.java:139)
org.testng.internal.invokers.TestInvoker.invokeMethod(TestInvoker.java:677)
org.testng.internal.invokers.TestInvoker.invokeTestMethod(TestInvoker.java:221)
org.testng.internal.invokers.MethodRunner.runInSequence(MethodRunner.java:50)
org.testng.internal.invokers.TestInvoker$MethodInvocationAgent.invoke(TestInvoker.java:962)
org.testng.internal.invokers.TestInvoker.invokeTestMethods(TestInvoker.java:194)
org.testng.internal.invokers.TestMethodWorker.invokeTestMethods(TestMethodWorker.java:148)
org.testng.internal.invokers.TestMethodWorker.run(TestMethodWorker.java:128)
java.base/java.util.ArrayList.forEach(ArrayList.java:1511)
org.testng.TestRunner.privateRun(TestRunner.java:806)
org.testng.TestRunner.run(TestRunner.java:601)
org.testng.SuiteRunner.runTest(SuiteRunner.java:433)
org.testng.SuiteRunner.runSequentially(SuiteRunner.java:427)
org.testng.SuiteRunner.privateRun(SuiteRunner.java:387)
org.testng.SuiteRunner.run(SuiteRunner.java:330)
org.testng.SuiteRunnerWorker.runSuite(SuiteRunnerWorker.java:52)
org.testng.SuiteRunnerWorker.run(SuiteRunnerWorker.java:95)
org.testng.TestNG.runSuitesSequentially(TestNG.java:1256)
org.testng.TestNG.runSuitesLocally(TestNG.java:1176)
org.testng.TestNG.runSuites(TestNG.java:1099)
org.testng.TestNG.run(TestNG.java:1067)
com.intellij.rt.testng.IDEARemoteTestNG.run(IDEARemoteTestNG.java:66)
com.intellij.rt.testng.RemoteTestNGStarter.main(RemoteTestNGStarter.java:109)
