[2023-03-01 12:34:21] [1] [WARN] Reporting disabled: using no op test run registrar
[2023-03-01 12:34:21] [1] [INFO] TEST [project - toggleIcons] STARTED at [16:34:21 2023-03-01]
[2023-03-01 12:34:21] [1] [INFO] Starting driver session...
[2023-03-01 12:34:22] [1] [INFO] Driver session started.
[2023-03-01 12:34:22] [1] [INFO] INFO: opening url 'https://www.gsmarena.comhttps://www.globalsqa.com/demo-site/accordion-and-tabs/#Simple%20Accordion'
[2023-03-01 12:34:23] [1] [ERROR] TEST [project - toggleIcons] FAILED at [16:34:23 2023-03-01] - Undefined error on open url detected: unknown error: net::ERR_NAME_NOT_RESOLVED
  (Session info: chrome=109.0.5414.119)
Build info: version: '4.4.0', revision: 'e5c75ed026a'
System info: host: 'nikas-MacBook-Pro.local', ip: 'fe80:0:0:0:10e4:20f5:e557:bc8d%en0', os.name: 'Mac OS X', os.arch: 'aarch64', os.version: '13.2', java.version: '17.0.6'
Driver info: org.openqa.selenium.remote.RemoteWebDriver
Command: [b2214a3ffc987bde12dd4c1e33245830, get {url=https://www.gsmarena.comhttps://www.globalsqa.com/demo-site/accordion-and-tabs/#Simple%20Accordion}]
Capabilities {acceptInsecureCerts: true, browserName: chrome, browserVersion: 109.0.5414.119, chrome: {chromedriverVersion: 108.0.5359.71 (1e0e3868ee06..., userDataDir: /var/folders/t5/x0mgb2c53hg...}, goog:chromeOptions: {debuggerAddress: localhost:51386}, networkConnectionEnabled: false, pageLoadStrategy: normal, platformName: MAC, proxy: Proxy(), se:bidiEnabled: false, se:cdp: ws://192.168.100.26:4444/se..., se:cdpVersion: 109.0.5414.119, setWindowRect: true, strictFileInteractability: false, timeouts: {implicit: 0, pageLoad: 300000, script: 30000}, unhandledPromptBehavior: dismiss and notify, webauthn:extension:credBlob: true, webauthn:extension:largeBlob: true, webauthn:virtualAuthenticators: true}
Session ID: b2214a3ffc987bde12dd4c1e33245830

org.testng.Assert.fail(Assert.java:98)
com.qaprosoft.carina.core.foundation.webdriver.DriverHelper.openURL(DriverHelper.java:175)
com.qaprosoft.carina.core.foundation.webdriver.DriverHelper.openURL(DriverHelper.java:145)
com.qaprosoft.carina.core.foundation.webdriver.DriverHelper.open(DriverHelper.java:135)
com.solvd.carina.globalsqa.firststep.tabs.TabsTest.toggleIcons(TabsTest.java:53)
java.base/jdk.internal.reflect.NativeMethodAccessorImpl.invoke0(Native Method)
java.base/jdk.internal.reflect.NativeMethodAccessorImpl.invoke(NativeMethodAccessorImpl.java:77)
java.base/jdk.internal.reflect.DelegatingMethodAccessorImpl.invoke(DelegatingMethodAccessorImpl.java:43)
java.base/java.lang.reflect.Method.invoke(Method.java:568)
org.testng.internal.invokers.MethodInvocationHelper.invokeMethod(MethodInvocationHelper.java:139)
org.testng.internal.invokers.TestInvoker.invokeMethod(TestInvoker.java:677)
org.testng.internal.invokers.TestInvoker.invokeTestMethod(TestInvoker.java:221)
org.testng.internal.invokers.MethodRunner.runInSequence(MethodRunner.java:50)
org.testng.internal.invokers.TestInvoker$MethodInvocationAgent.invoke(TestInvoker.java:962)
org.testng.internal.invokers.TestInvoker.invokeTestMethods(TestInvoker.java:194)
org.testng.internal.invokers.TestMethodWorker.invokeTestMethods(TestMethodWorker.java:148)
org.testng.internal.invokers.TestMethodWorker.run(TestMethodWorker.java:128)
java.base/java.util.ArrayList.forEach(ArrayList.java:1511)
org.testng.TestRunner.privateRun(TestRunner.java:806)
org.testng.TestRunner.run(TestRunner.java:601)
org.testng.SuiteRunner.runTest(SuiteRunner.java:433)
org.testng.SuiteRunner.runSequentially(SuiteRunner.java:427)
org.testng.SuiteRunner.privateRun(SuiteRunner.java:387)
org.testng.SuiteRunner.run(SuiteRunner.java:330)
org.testng.SuiteRunnerWorker.runSuite(SuiteRunnerWorker.java:52)
org.testng.SuiteRunnerWorker.run(SuiteRunnerWorker.java:95)
org.testng.TestNG.runSuitesSequentially(TestNG.java:1256)
org.testng.TestNG.runSuitesLocally(TestNG.java:1176)
org.testng.TestNG.runSuites(TestNG.java:1099)
org.testng.TestNG.run(TestNG.java:1067)
com.intellij.rt.testng.IDEARemoteTestNG.run(IDEARemoteTestNG.java:66)
com.intellij.rt.testng.RemoteTestNGStarter.main(RemoteTestNGStarter.java:109)
